<?xml version="1.0" encoding="UTF-8"?>
<testng-results skipped="0" failed="0" total="3" passed="3">
  <reporter-output>
  </reporter-output>
  <suite name="Suite" duration-ms="42" started-at="2020-08-23T10:06:34Z" finished-at="2020-08-23T10:06:34Z">
    <groups>
    </groups>
    <test name="Test" duration-ms="42" started-at="2020-08-23T10:06:34Z" finished-at="2020-08-23T10:06:34Z">
      <class name="Lakshit7667.AppiumCode">
        <test-method status="PASS" signature="test1()[pri:0, instance:Lakshit7667.AppiumCode@39ba5a14]" name="test1" duration-ms="0" started-at="2020-08-23T15:36:34Z" finished-at="2020-08-23T15:36:34Z">
          <reporter-output>
          </reporter-output>
        </test-method> <!-- test1 -->
      </class> <!-- Lakshit7667.AppiumCode -->
      <class name="Lakshit7667.SeleniumCode">
        <test-method status="PASS" signature="test3()[pri:0, instance:Lakshit7667.SeleniumCode@880ec60]" name="test3" duration-ms="16" started-at="2020-08-23T15:36:34Z" finished-at="2020-08-23T15:36:34Z">
          <reporter-output>
          </reporter-output>
        </test-method> <!-- test3 -->
      </class> <!-- Lakshit7667.SeleniumCode -->
      <class name="Lakshit7667.RestAPIcode">
        <test-method status="PASS" signature="test2()[pri:0, instance:Lakshit7667.RestAPIcode@36d64342]" name="test2" duration-ms="1" started-at="2020-08-23T15:36:34Z" finished-at="2020-08-23T15:36:34Z">
          <reporter-output>
          </reporter-output>
        </test-method> <!-- test2 -->
      </class> <!-- Lakshit7667.RestAPIcode -->
    </test> <!-- Test -->
  </suite> <!-- Suite -->
</testng-results>
