<?xml version="1.0" encoding="UTF-8"?>
<testsuite xmlns:xsi="http://www.w3.org/2001/XMLSchema-instance" xsi:noNamespaceSchemaLocation="https://maven.apache.org/surefire/maven-surefire-plugin/xsd/surefire-test-report.xsd" name="TestSuite" time="0.844" tests="3" errors="0" skipped="0" failures="0">
  <properties>
[...]
</properties>
  <testcase name="test3" classname="Lakshit7667.SeleniumCode" time="0.016"/>
  <testcase name="test2" classname="Lakshit7667.RestAPIcode" time="0.015"/>
  <testcase name="test1" classname="Lakshit7667.AppiumCode" time="0.003"/>
</testsuite>