<?xml version="1.0" encoding="UTF-8"?>
<testng-results skipped="0" failed="0" ignored="0" total="1" passed="1">
  <reporter-output>
  </reporter-output>
  <suite name="Default suite" duration-ms="92" started-at="2020-08-14T11:50:55Z" finished-at="2020-08-14T11:50:55Z">
    <groups>
    </groups>
    <test name="Default test" duration-ms="92" started-at="2020-08-14T11:50:55Z" finished-at="2020-08-14T11:50:55Z">
      <class name="Lakshit7667.SeleniumCode">
        <test-method status="PASS" signature="test1()[pri:0, instance:Lakshit7667.SeleniumCode@2344fc66]" name="test1" duration-ms="30" started-at="2020-08-14T17:20:55Z" finished-at="2020-08-14T17:20:55Z">
          <reporter-output>
          </reporter-output>
        </test-method> <!-- test1 -->
      </class> <!-- Lakshit7667.SeleniumCode -->
    </test> <!-- Default test -->
  </suite> <!-- Default suite -->
</testng-results>
